<?xml version="1.0" encoding="UTF-8"?>
<TestRun id="f25deb03-186e-4ba3-818d-6d4fe8f3465d" name="raffaeu@RAFFAELEGARD400 2011-02-03 22:31:41" runUser="RAFFAELEGARD400\raffaeu" xmlns="http://microsoft.com/schemas/VisualStudio/TeamTest/2010">
  <TestSettings name="Local" id="f6cfd08e-d2fa-4ff6-928d-2ee2a83e86df">
    <Description>These are default test settings for a local test run.</Description>
    <Deployment runDeploymentRoot="raffaeu_RAFFAELEGARD400 2011-02-03 22_31_41">
      <DeploymentItem filename="C:\DEV\Calculator\Calculator\bin\Debug\Calculator.dll" />
    </Deployment>
    <Execution>
      <TestTypeSpecific>
        <UnitTestRunConfig testTypeId="13cdc9d9-ddb5-4fa4-a97d-d965ccfc6d4b">
          <AssemblyResolution>
            <TestDirectory useLoadContext="true" />
          </AssemblyResolution>
        </UnitTestRunConfig>
        <WebTestRunConfiguration testTypeId="4e7599fa-5ecb-43e9-a887-cd63cf72d207">
          <Browser name="Internet Explorer 7.0">
            <Headers>
              <Header name="User-Agent" value="Mozilla/4.0 (compatible; MSIE 7.0; Windows NT 5.1)" />
              <Header name="Accept" value="*/*" />
              <Header name="Accept-Language" value="{{$IEAcceptLanguage}}" />
              <Header name="Accept-Encoding" value="GZIP" />
            </Headers>
          </Browser>
        </WebTestRunConfiguration>
      </TestTypeSpecific>
      <AgentRule name="LocalMachineDefaultRole">
        <DataCollectors>
          <DataCollector uri="datacollector://microsoft/CodeCoverage/1.0" assemblyQualifiedName="Microsoft.VisualStudio.TestTools.CodeCoverage.CoveragePlugIn, Microsoft.VisualStudio.QualityTools.Plugins.CodeCoverage, Version=10.0.0.0, Culture=neutral, PublicKeyToken=b03f5f7f11d50a3a" friendlyName="Code Coverage">
            <Configuration>
              <CodeCoverage xmlns="">
                <Regular>
                  <CodeCoverageItem binaryFile="C:\DEV\Calculator\Calculator.Fixture\bin\Debug\Calculator.Fixture.dll" pdbFile="C:\DEV\Calculator\Calculator.Fixture\bin\Debug\Calculator.Fixture.instr.pdb" instrumentInPlace="true" />
                  <CodeCoverageItem binaryFile="C:\DEV\Calculator\Calculator\bin\Debug\Calculator.dll" pdbFile="C:\DEV\Calculator\Calculator\bin\Debug\Calculator.instr.pdb" instrumentInPlace="true" />
                </Regular>
              </CodeCoverage>
            </Configuration>
          </DataCollector>
          <DataCollector uri="datacollector://Microsoft/TestImpact/1.0" assemblyQualifiedName="Microsoft.VisualStudio.TraceCollector.TestImpactDataCollector, Microsoft.VisualStudio.TraceCollector, Version=10.0.0.0, Culture=neutral, PublicKeyToken=b03f5f7f11d50a3a">
          </DataCollector>
        </DataCollectors>
      </AgentRule>
    </Execution>
  </TestSettings>
  <Times creation="2011-02-03T22:31:41.5732422-04:00" queuing="2011-02-03T22:31:42.8867188-04:00" start="2011-02-03T22:31:50.7695313-04:00" finish="2011-02-03T22:31:55.2255859-04:00" />
  <ResultSummary outcome="Completed">
    <Counters total="1" executed="1" passed="1" error="0" failed="0" timeout="0" aborted="0" inconclusive="0" passedButRunAborted="0" notRunnable="0" notExecuted="0" disconnected="0" warning="0" completed="0" inProgress="0" pending="0" />
    <ResultFiles>
      <ResultFile path="RAFFAELEGARD400\data.coverage" />
    </ResultFiles>
  </ResultSummary>
  <TestDefinitions>
    <UnitTest name="EngineConstructorTest" storage="c:\dev\calculator\calculator.fixture\bin\debug\calculator.fixture.dll" id="8ca40a86-9529-850f-6cfa-dd2e25facc8e">
      <Execution id="43364478-6425-4f68-92d0-de0c9b867364" />
      <TestMethod codeBase="C:/DEV/Calculator/Calculator.Fixture/bin/Debug/Calculator.Fixture.DLL" adapterTypeName="Microsoft.VisualStudio.TestTools.TestTypes.Unit.UnitTestAdapter, Microsoft.VisualStudio.QualityTools.Tips.UnitTest.Adapter, Version=10.0.0.0, Culture=neutral, PublicKeyToken=b03f5f7f11d50a3a" className="Calculator.Fixture.EngineTest, Calculator.Fixture, Version=1.0.0.0, Culture=neutral, PublicKeyToken=null" name="EngineConstructorTest" />
    </UnitTest>
  </TestDefinitions>
  <TestLists>
    <TestList name="Results Not in a List" id="8c84fa94-04c1-424b-9868-57a2d4851a1d" />
    <TestList name="All Loaded Results" id="19431567-8539-422a-85d7-44ee4e166bda" />
  </TestLists>
  <TestEntries>
    <TestEntry testId="8ca40a86-9529-850f-6cfa-dd2e25facc8e" executionId="43364478-6425-4f68-92d0-de0c9b867364" testListId="8c84fa94-04c1-424b-9868-57a2d4851a1d" />
  </TestEntries>
  <Results>
    <UnitTestResult executionId="43364478-6425-4f68-92d0-de0c9b867364" testId="8ca40a86-9529-850f-6cfa-dd2e25facc8e" testName="EngineConstructorTest" computerName="RAFFAELEGARD400" duration="00:00:00.1185279" startTime="2011-02-03T22:31:51.3466797-04:00" endTime="2011-02-03T22:31:52.9238281-04:00" testType="13cdc9d9-ddb5-4fa4-a97d-d965ccfc6d4b" outcome="Passed" testListId="8c84fa94-04c1-424b-9868-57a2d4851a1d" relativeResultsDirectory="43364478-6425-4f68-92d0-de0c9b867364">
      <CollectorDataEntries>
        <Collector agentName="RAFFAELEGARD400" uri="datacollector://microsoft/TestImpact/1.0" collectorDisplayName="Test Impact">
          <UriAttachments>
            <UriAttachment>
              <A href="RAFFAELEGARD400\testimpact.xml">Test Impact Data</A>
            </UriAttachment>
          </UriAttachments>
        </Collector>
      </CollectorDataEntries>
    </UnitTestResult>
  </Results>
</TestRun>