<?xml version="1.0" encoding="UTF-8"?>
<TestRun id="1e70730f-9f1e-4de2-bae2-caa9daa90fb1" name="raffaeu@RAFFAELEGARD400 2011-02-03 21:46:22" runUser="RAFFAELEGARD400\raffaeu" xmlns="http://microsoft.com/schemas/VisualStudio/TeamTest/2010">
  <TestSettings name="Local" id="f6cfd08e-d2fa-4ff6-928d-2ee2a83e86df">
    <Description>These are default test settings for a local test run.</Description>
    <Deployment runDeploymentRoot="raffaeu_RAFFAELEGARD400 2011-02-03 21_46_22">
      <DeploymentItem filename="C:\DEV\Calculator\Calculator\bin\Debug\Calculator.dll" />
    </Deployment>
    <Execution>
      <TestTypeSpecific>
        <UnitTestRunConfig testTypeId="13cdc9d9-ddb5-4fa4-a97d-d965ccfc6d4b">
          <AssemblyResolution>
            <TestDirectory useLoadContext="true" />
          </AssemblyResolution>
        </UnitTestRunConfig>
        <WebTestRunConfiguration testTypeId="4e7599fa-5ecb-43e9-a887-cd63cf72d207">
          <Browser name="Internet Explorer 7.0">
            <Headers>
              <Header name="User-Agent" value="Mozilla/4.0 (compatible; MSIE 7.0; Windows NT 5.1)" />
              <Header name="Accept" value="*/*" />
              <Header name="Accept-Language" value="{{$IEAcceptLanguage}}" />
              <Header name="Accept-Encoding" value="GZIP" />
            </Headers>
          </Browser>
        </WebTestRunConfiguration>
      </TestTypeSpecific>
      <AgentRule name="LocalMachineDefaultRole">
        <DataCollectors>
          <DataCollector uri="datacollector://microsoft/CodeCoverage/1.0" assemblyQualifiedName="Microsoft.VisualStudio.TestTools.CodeCoverage.CoveragePlugIn, Microsoft.VisualStudio.QualityTools.Plugins.CodeCoverage, Version=10.0.0.0, Culture=neutral, PublicKeyToken=b03f5f7f11d50a3a" friendlyName="Code Coverage">
            <Configuration>
              <CodeCoverage xmlns="">
                <Regular>
                  <CodeCoverageItem binaryFile="C:\DEV\Calculator\Calculator.Fixture\bin\Debug\Calculator.Fixture.dll" pdbFile="C:\DEV\Calculator\Calculator.Fixture\bin\Debug\Calculator.Fixture.instr.pdb" instrumentInPlace="true" />
                  <CodeCoverageItem binaryFile="C:\DEV\Calculator\Calculator\bin\Debug\Calculator.dll" pdbFile="C:\DEV\Calculator\Calculator\bin\Debug\Calculator.instr.pdb" instrumentInPlace="true" />
                </Regular>
              </CodeCoverage>
            </Configuration>
          </DataCollector>
        </DataCollectors>
      </AgentRule>
    </Execution>
  </TestSettings>
  <Times creation="2011-02-03T21:46:22.8242188-04:00" queuing="2011-02-03T21:46:23.7080078-04:00" start="2011-02-03T21:46:24.0576172-04:00" finish="2011-02-03T21:46:36.7421875-04:00" />
  <ResultSummary outcome="Completed">
    <Counters total="2" executed="2" passed="2" error="0" failed="0" timeout="0" aborted="0" inconclusive="0" passedButRunAborted="0" notRunnable="0" notExecuted="0" disconnected="0" warning="0" completed="0" inProgress="0" pending="0" />
    <ResultFiles>
      <ResultFile path="RAFFAELEGARD400\data.coverage" />
    </ResultFiles>
  </ResultSummary>
  <TestDefinitions>
    <UnitTest name="ThrowExceptionWhenSum" storage="c:\dev\calculator\calculator.fixture\bin\debug\calculator.fixture.dll" id="a0edba2a-cfde-1ffb-a3a4-87500b8a2f04">
      <Execution id="a96a8691-10ee-4667-89be-1c9760327fe5" />
      <TestMethod codeBase="C:/DEV/Calculator/Calculator.Fixture/bin/Debug/Calculator.Fixture.DLL" adapterTypeName="Microsoft.VisualStudio.TestTools.TestTypes.Unit.UnitTestAdapter, Microsoft.VisualStudio.QualityTools.Tips.UnitTest.Adapter, Version=10.0.0.0, Culture=neutral, PublicKeyToken=b03f5f7f11d50a3a" className="Calculator.Fixture.EngineTest, Calculator.Fixture, Version=1.0.0.0, Culture=neutral, PublicKeyToken=null" name="ThrowExceptionWhenSum" />
    </UnitTest>
    <UnitTest name="SumTest" storage="c:\dev\calculator\calculator.fixture\bin\debug\calculator.fixture.dll" id="4ff897d4-06f1-b293-b1e3-82088f70cbdf">
      <Execution id="8d232591-11ec-45b6-b580-704d7cebcf16" />
      <TestMethod codeBase="C:/DEV/Calculator/Calculator.Fixture/bin/Debug/Calculator.Fixture.DLL" adapterTypeName="Microsoft.VisualStudio.TestTools.TestTypes.Unit.UnitTestAdapter, Microsoft.VisualStudio.QualityTools.Tips.UnitTest.Adapter, Version=10.0.0.0, Culture=neutral, PublicKeyToken=b03f5f7f11d50a3a" className="Calculator.Fixture.EngineTest, Calculator.Fixture, Version=1.0.0.0, Culture=neutral, PublicKeyToken=null" name="SumTest" />
    </UnitTest>
  </TestDefinitions>
  <TestLists>
    <TestList name="Results Not in a List" id="8c84fa94-04c1-424b-9868-57a2d4851a1d" />
    <TestList name="All Loaded Results" id="19431567-8539-422a-85d7-44ee4e166bda" />
  </TestLists>
  <TestEntries>
    <TestEntry testId="4ff897d4-06f1-b293-b1e3-82088f70cbdf" executionId="8d232591-11ec-45b6-b580-704d7cebcf16" testListId="8c84fa94-04c1-424b-9868-57a2d4851a1d" />
    <TestEntry testId="a0edba2a-cfde-1ffb-a3a4-87500b8a2f04" executionId="a96a8691-10ee-4667-89be-1c9760327fe5" testListId="8c84fa94-04c1-424b-9868-57a2d4851a1d" />
  </TestEntries>
  <Results>
    <UnitTestResult executionId="8d232591-11ec-45b6-b580-704d7cebcf16" testId="4ff897d4-06f1-b293-b1e3-82088f70cbdf" testName="SumTest" computerName="RAFFAELEGARD400" duration="00:00:00.0881287" startTime="2011-02-03T21:46:25.2431641-04:00" endTime="2011-02-03T21:46:25.7158203-04:00" testType="13cdc9d9-ddb5-4fa4-a97d-d965ccfc6d4b" outcome="Passed" testListId="8c84fa94-04c1-424b-9868-57a2d4851a1d" relativeResultsDirectory="8d232591-11ec-45b6-b580-704d7cebcf16">
    </UnitTestResult>
    <UnitTestResult executionId="a96a8691-10ee-4667-89be-1c9760327fe5" testId="a0edba2a-cfde-1ffb-a3a4-87500b8a2f04" testName="ThrowExceptionWhenSum" computerName="RAFFAELEGARD400" duration="00:00:00.0940549" startTime="2011-02-03T21:46:30.6220703-04:00" endTime="2011-02-03T21:46:35.1445313-04:00" testType="13cdc9d9-ddb5-4fa4-a97d-d965ccfc6d4b" outcome="Passed" testListId="8c84fa94-04c1-424b-9868-57a2d4851a1d" relativeResultsDirectory="a96a8691-10ee-4667-89be-1c9760327fe5">
    </UnitTestResult>
  </Results>
</TestRun>