<?xml version="1.0" encoding="UTF-8"?>
<TestRun id="8c2138bd-4858-4b9e-a2f7-2a5359a9f964" name="raffaeu@RAFFAELEGARD400 2011-02-03 21:45:16" runUser="RAFFAELEGARD400\raffaeu" xmlns="http://microsoft.com/schemas/VisualStudio/TeamTest/2010">
  <TestSettings name="Local" id="f6cfd08e-d2fa-4ff6-928d-2ee2a83e86df">
    <Description>These are default test settings for a local test run.</Description>
    <Deployment runDeploymentRoot="raffaeu_RAFFAELEGARD400 2011-02-03 21_45_16">
      <DeploymentItem filename="C:\DEV\Calculator\Calculator\bin\Debug\Calculator.dll" />
    </Deployment>
    <Execution>
      <TestTypeSpecific>
        <UnitTestRunConfig testTypeId="13cdc9d9-ddb5-4fa4-a97d-d965ccfc6d4b">
          <AssemblyResolution>
            <TestDirectory useLoadContext="true" />
          </AssemblyResolution>
        </UnitTestRunConfig>
        <WebTestRunConfiguration testTypeId="4e7599fa-5ecb-43e9-a887-cd63cf72d207">
          <Browser name="Internet Explorer 7.0">
            <Headers>
              <Header name="User-Agent" value="Mozilla/4.0 (compatible; MSIE 7.0; Windows NT 5.1)" />
              <Header name="Accept" value="*/*" />
              <Header name="Accept-Language" value="{{$IEAcceptLanguage}}" />
              <Header name="Accept-Encoding" value="GZIP" />
            </Headers>
          </Browser>
        </WebTestRunConfiguration>
      </TestTypeSpecific>
      <AgentRule name="LocalMachineDefaultRole">
        <DataCollectors>
          <DataCollector uri="datacollector://microsoft/CodeCoverage/1.0" assemblyQualifiedName="Microsoft.VisualStudio.TestTools.CodeCoverage.CoveragePlugIn, Microsoft.VisualStudio.QualityTools.Plugins.CodeCoverage, Version=10.0.0.0, Culture=neutral, PublicKeyToken=b03f5f7f11d50a3a" friendlyName="Code Coverage">
            <Configuration>
              <CodeCoverage xmlns="">
                <Regular>
                  <CodeCoverageItem binaryFile="C:\DEV\Calculator\Calculator.Fixture\bin\Debug\Calculator.Fixture.dll" pdbFile="C:\DEV\Calculator\Calculator.Fixture\bin\Debug\Calculator.Fixture.instr.pdb" instrumentInPlace="true" />
                  <CodeCoverageItem binaryFile="C:\DEV\Calculator\Calculator\bin\Debug\Calculator.dll" pdbFile="C:\DEV\Calculator\Calculator\bin\Debug\Calculator.instr.pdb" instrumentInPlace="true" />
                </Regular>
              </CodeCoverage>
            </Configuration>
          </DataCollector>
        </DataCollectors>
      </AgentRule>
    </Execution>
  </TestSettings>
  <Times creation="2011-02-03T21:45:16.4794922-04:00" queuing="2011-02-03T21:45:17.3818359-04:00" start="2011-02-03T21:45:17.8359375-04:00" finish="2011-02-03T21:45:21.5771484-04:00" />
  <ResultSummary outcome="Failed">
    <Counters total="1" executed="1" error="0" failed="1" timeout="0" aborted="0" inconclusive="0" passedButRunAborted="0" notRunnable="0" notExecuted="0" disconnected="0" warning="0" passed="0" completed="0" inProgress="0" pending="0" />
    <ResultFiles>
      <ResultFile path="RAFFAELEGARD400\data.coverage" />
    </ResultFiles>
  </ResultSummary>
  <TestDefinitions>
    <UnitTest name="ThrowExceptionWhenSum" storage="c:\dev\calculator\calculator.fixture\bin\debug\calculator.fixture.dll" id="a0edba2a-cfde-1ffb-a3a4-87500b8a2f04">
      <Execution id="e2dabe06-8b7b-4ca1-ae8b-92103444902e" />
      <TestMethod codeBase="C:/DEV/Calculator/Calculator.Fixture/bin/Debug/Calculator.Fixture.DLL" adapterTypeName="Microsoft.VisualStudio.TestTools.TestTypes.Unit.UnitTestAdapter, Microsoft.VisualStudio.QualityTools.Tips.UnitTest.Adapter, Version=10.0.0.0, Culture=neutral, PublicKeyToken=b03f5f7f11d50a3a" className="Calculator.Fixture.EngineTest, Calculator.Fixture, Version=1.0.0.0, Culture=neutral, PublicKeyToken=null" name="ThrowExceptionWhenSum" />
    </UnitTest>
  </TestDefinitions>
  <TestLists>
    <TestList name="Results Not in a List" id="8c84fa94-04c1-424b-9868-57a2d4851a1d" />
    <TestList name="All Loaded Results" id="19431567-8539-422a-85d7-44ee4e166bda" />
  </TestLists>
  <TestEntries>
    <TestEntry testId="a0edba2a-cfde-1ffb-a3a4-87500b8a2f04" executionId="e2dabe06-8b7b-4ca1-ae8b-92103444902e" testListId="8c84fa94-04c1-424b-9868-57a2d4851a1d" />
  </TestEntries>
  <Results>
    <UnitTestResult executionId="e2dabe06-8b7b-4ca1-ae8b-92103444902e" testId="a0edba2a-cfde-1ffb-a3a4-87500b8a2f04" testName="ThrowExceptionWhenSum" computerName="RAFFAELEGARD400" duration="00:00:00.2529081" startTime="2011-02-03T21:45:19.0292969-04:00" endTime="2011-02-03T21:45:19.6992188-04:00" testType="13cdc9d9-ddb5-4fa4-a97d-d965ccfc6d4b" outcome="Failed" testListId="8c84fa94-04c1-424b-9868-57a2d4851a1d" relativeResultsDirectory="e2dabe06-8b7b-4ca1-ae8b-92103444902e">
      <Output>
        <ErrorInfo>
          <Message>Test method Calculator.Fixture.EngineTest.ThrowExceptionWhenSum threw exception: 
System.ArgumentNullException: Value cannot be null.
Parameter name: The arguments a and b must be greater than 0.</Message>
          <StackTrace>    at Calculator.Engine.Sum(Int32 a, Int32 b) in C:\DEV\Calculator\Calculator\Engine.cs:line 16
   at Calculator.Fixture.EngineTest.ThrowExceptionWhenSum() in C:\DEV\Calculator\Calculator.Fixture\EngineTest.cs:line 29
</StackTrace>
        </ErrorInfo>
      </Output>
    </UnitTestResult>
  </Results>
</TestRun>