<?xml version="1.0" encoding="UTF-8"?>
<TestRun id="b3ef1e90-464b-4486-a95f-b0f7018b0afc" name="raffaeu@RAFFAELEGARD400 2011-02-05 21:57:56" runUser="RAFFAELEGARD400\raffaeu" xmlns="http://microsoft.com/schemas/VisualStudio/TeamTest/2010">
  <TestSettings name="Local" id="f6cfd08e-d2fa-4ff6-928d-2ee2a83e86df">
    <Description>These are default test settings for a local test run.</Description>
    <Deployment runDeploymentRoot="raffaeu_RAFFAELEGARD400 2011-02-05 21_57_56">
      <DeploymentItem filename="C:\DEV\Calculator\Calculator\bin\Debug\Calculator.dll" />
    </Deployment>
    <Execution>
      <TestTypeSpecific>
        <UnitTestRunConfig testTypeId="13cdc9d9-ddb5-4fa4-a97d-d965ccfc6d4b">
          <AssemblyResolution>
            <TestDirectory useLoadContext="true" />
          </AssemblyResolution>
        </UnitTestRunConfig>
        <WebTestRunConfiguration testTypeId="4e7599fa-5ecb-43e9-a887-cd63cf72d207">
          <Browser name="Internet Explorer 7.0">
            <Headers>
              <Header name="User-Agent" value="Mozilla/4.0 (compatible; MSIE 7.0; Windows NT 5.1)" />
              <Header name="Accept" value="*/*" />
              <Header name="Accept-Language" value="{{$IEAcceptLanguage}}" />
              <Header name="Accept-Encoding" value="GZIP" />
            </Headers>
          </Browser>
        </WebTestRunConfiguration>
      </TestTypeSpecific>
      <AgentRule name="LocalMachineDefaultRole">
        <DataCollectors>
          <DataCollector uri="datacollector://microsoft/CodeCoverage/1.0" assemblyQualifiedName="Microsoft.VisualStudio.TestTools.CodeCoverage.CoveragePlugIn, Microsoft.VisualStudio.QualityTools.Plugins.CodeCoverage, Version=10.0.0.0, Culture=neutral, PublicKeyToken=b03f5f7f11d50a3a" friendlyName="Code Coverage">
            <Configuration>
              <CodeCoverage xmlns="">
                <Regular>
                  <CodeCoverageItem binaryFile="C:\DEV\Calculator\Calculator.Fixture\bin\Debug\Calculator.Fixture.dll" pdbFile="C:\DEV\Calculator\Calculator.Fixture\bin\Debug\Calculator.Fixture.instr.pdb" instrumentInPlace="true" />
                  <CodeCoverageItem binaryFile="C:\DEV\Calculator\Calculator\bin\Debug\Calculator.dll" pdbFile="C:\DEV\Calculator\Calculator\bin\Debug\Calculator.instr.pdb" instrumentInPlace="true" />
                </Regular>
              </CodeCoverage>
            </Configuration>
          </DataCollector>
          <DataCollector uri="datacollector://Microsoft/TestImpact/1.0" assemblyQualifiedName="Microsoft.VisualStudio.TraceCollector.TestImpactDataCollector, Microsoft.VisualStudio.TraceCollector, Version=10.0.0.0, Culture=neutral, PublicKeyToken=b03f5f7f11d50a3a">
          </DataCollector>
        </DataCollectors>
      </AgentRule>
    </Execution>
  </TestSettings>
  <Times creation="2011-02-05T21:57:56.5371094-04:00" queuing="2011-02-05T21:57:58.2246094-04:00" start="2011-02-05T21:58:04.3750000-04:00" finish="2011-02-05T21:58:09.1494141-04:00" />
  <ResultSummary outcome="Failed">
    <Counters total="3" executed="3" passed="2" error="0" failed="1" timeout="0" aborted="0" inconclusive="0" passedButRunAborted="0" notRunnable="0" notExecuted="0" disconnected="0" warning="0" completed="0" inProgress="0" pending="0" />
    <ResultFiles>
      <ResultFile path="RAFFAELEGARD400\data.coverage" />
    </ResultFiles>
  </ResultSummary>
  <TestDefinitions>
    <UnitTest name="EngineConstructorTest" storage="c:\dev\calculator\calculator.fixture\bin\debug\calculator.fixture.dll" id="8ca40a86-9529-850f-6cfa-dd2e25facc8e">
      <Execution id="d14ac95b-92e2-44b2-aa48-837d549a568c" />
      <TestMethod codeBase="C:/DEV/Calculator/Calculator.Fixture/bin/Debug/Calculator.Fixture.DLL" adapterTypeName="Microsoft.VisualStudio.TestTools.TestTypes.Unit.UnitTestAdapter, Microsoft.VisualStudio.QualityTools.Tips.UnitTest.Adapter, Version=10.0.0.0, Culture=neutral, PublicKeyToken=b03f5f7f11d50a3a" className="Calculator.Fixture.EngineTest, Calculator.Fixture, Version=1.0.0.0, Culture=neutral, PublicKeyToken=null" name="EngineConstructorTest" />
    </UnitTest>
    <UnitTest name="SumTest" storage="c:\dev\calculator\calculator.fixture\bin\debug\calculator.fixture.dll" id="4ff897d4-06f1-b293-b1e3-82088f70cbdf">
      <Execution id="80825d15-ef91-4fd6-a86c-1e7db8504d70" />
      <TestMethod codeBase="C:/DEV/Calculator/Calculator.Fixture/bin/Debug/Calculator.Fixture.DLL" adapterTypeName="Microsoft.VisualStudio.TestTools.TestTypes.Unit.UnitTestAdapter, Microsoft.VisualStudio.QualityTools.Tips.UnitTest.Adapter, Version=10.0.0.0, Culture=neutral, PublicKeyToken=b03f5f7f11d50a3a" className="Calculator.Fixture.EngineTest, Calculator.Fixture, Version=1.0.0.0, Culture=neutral, PublicKeyToken=null" name="SumTest" />
    </UnitTest>
    <UnitTest name="ThrowExceptionWhenSum" storage="c:\dev\calculator\calculator.fixture\bin\debug\calculator.fixture.dll" id="a0edba2a-cfde-1ffb-a3a4-87500b8a2f04">
      <Execution id="dfd4dfc4-cab8-465f-9006-f731954e9c1c" />
      <TestMethod codeBase="C:/DEV/Calculator/Calculator.Fixture/bin/Debug/Calculator.Fixture.DLL" adapterTypeName="Microsoft.VisualStudio.TestTools.TestTypes.Unit.UnitTestAdapter, Microsoft.VisualStudio.QualityTools.Tips.UnitTest.Adapter, Version=10.0.0.0, Culture=neutral, PublicKeyToken=b03f5f7f11d50a3a" className="Calculator.Fixture.EngineTest, Calculator.Fixture, Version=1.0.0.0, Culture=neutral, PublicKeyToken=null" name="ThrowExceptionWhenSum" />
    </UnitTest>
  </TestDefinitions>
  <TestLists>
    <TestList name="Results Not in a List" id="8c84fa94-04c1-424b-9868-57a2d4851a1d" />
    <TestList name="All Loaded Results" id="19431567-8539-422a-85d7-44ee4e166bda" />
  </TestLists>
  <TestEntries>
    <TestEntry testId="8ca40a86-9529-850f-6cfa-dd2e25facc8e" executionId="d14ac95b-92e2-44b2-aa48-837d549a568c" testListId="8c84fa94-04c1-424b-9868-57a2d4851a1d" />
    <TestEntry testId="a0edba2a-cfde-1ffb-a3a4-87500b8a2f04" executionId="dfd4dfc4-cab8-465f-9006-f731954e9c1c" testListId="8c84fa94-04c1-424b-9868-57a2d4851a1d" />
    <TestEntry testId="4ff897d4-06f1-b293-b1e3-82088f70cbdf" executionId="80825d15-ef91-4fd6-a86c-1e7db8504d70" testListId="8c84fa94-04c1-424b-9868-57a2d4851a1d" />
  </TestEntries>
  <Results>
    <UnitTestResult executionId="d14ac95b-92e2-44b2-aa48-837d549a568c" testId="8ca40a86-9529-850f-6cfa-dd2e25facc8e" testName="EngineConstructorTest" computerName="RAFFAELEGARD400" duration="00:00:00.1528948" startTime="2011-02-05T21:58:04.9150391-04:00" endTime="2011-02-05T21:58:06.9951172-04:00" testType="13cdc9d9-ddb5-4fa4-a97d-d965ccfc6d4b" outcome="Passed" testListId="8c84fa94-04c1-424b-9868-57a2d4851a1d" relativeResultsDirectory="d14ac95b-92e2-44b2-aa48-837d549a568c">
      <CollectorDataEntries>
        <Collector agentName="RAFFAELEGARD400" uri="datacollector://microsoft/TestImpact/1.0" collectorDisplayName="Test Impact">
          <UriAttachments>
            <UriAttachment>
              <A href="RAFFAELEGARD400\testimpact.xml">Test Impact Data</A>
            </UriAttachment>
          </UriAttachments>
        </Collector>
      </CollectorDataEntries>
    </UnitTestResult>
    <UnitTestResult executionId="dfd4dfc4-cab8-465f-9006-f731954e9c1c" testId="a0edba2a-cfde-1ffb-a3a4-87500b8a2f04" testName="ThrowExceptionWhenSum" computerName="RAFFAELEGARD400" duration="00:00:00.1923881" startTime="2011-02-05T21:58:07.0039063-04:00" endTime="2011-02-05T21:58:07.2138672-04:00" testType="13cdc9d9-ddb5-4fa4-a97d-d965ccfc6d4b" outcome="Failed" testListId="8c84fa94-04c1-424b-9868-57a2d4851a1d" relativeResultsDirectory="dfd4dfc4-cab8-465f-9006-f731954e9c1c">
      <Output>
        <ErrorInfo>
          <Message>Test method Calculator.Fixture.EngineTest.ThrowExceptionWhenSum threw exception System.Exception, but exception System.ArgumentNullException was expected. Exception message: System.Exception: An error occured during the Sum calculation ---&gt; System.ArgumentNullException: Value cannot be null.
Parameter name: The arguments a and b must be greater than 0.</Message>
          <StackTrace>    at Calculator.Engine.Sum(Int32 a, Int32 b) in C:\DEV\Calculator\Calculator\Engine.cs:line 23
 --- End of inner exception stack trace ---
    at Calculator.Engine.Sum(Int32 a, Int32 b) in C:\DEV\Calculator\Calculator\Engine.cs:line 23
   at Calculator.Fixture.EngineTest.ThrowExceptionWhenSum() in C:\DEV\Calculator\Calculator.Fixture\EngineTest.cs:line 31
</StackTrace>
        </ErrorInfo>
      </Output>
    </UnitTestResult>
    <UnitTestResult executionId="80825d15-ef91-4fd6-a86c-1e7db8504d70" testId="4ff897d4-06f1-b293-b1e3-82088f70cbdf" testName="SumTest" computerName="RAFFAELEGARD400" duration="00:00:00.0026101" startTime="2011-02-05T21:58:07.2353516-04:00" endTime="2011-02-05T21:58:07.2626953-04:00" testType="13cdc9d9-ddb5-4fa4-a97d-d965ccfc6d4b" outcome="Passed" testListId="8c84fa94-04c1-424b-9868-57a2d4851a1d" relativeResultsDirectory="80825d15-ef91-4fd6-a86c-1e7db8504d70">
      <CollectorDataEntries>
        <Collector agentName="RAFFAELEGARD400" uri="datacollector://microsoft/TestImpact/1.0" collectorDisplayName="Test Impact">
          <UriAttachments>
            <UriAttachment>
              <A href="RAFFAELEGARD400\testimpact.xml">Test Impact Data</A>
            </UriAttachment>
          </UriAttachments>
        </Collector>
      </CollectorDataEntries>
    </UnitTestResult>
  </Results>
</TestRun>