<?xml version="1.0" encoding="UTF-8"?>
<TestRun id="1434f7e2-d4c4-4acf-8cea-f5ed962c77f7" name="raffaeu@RAFFAELEGARD400 2011-02-05 21:09:41" runUser="RAFFAELEGARD400\raffaeu" xmlns="http://microsoft.com/schemas/VisualStudio/TeamTest/2010">
  <TestSettings name="Local" id="f6cfd08e-d2fa-4ff6-928d-2ee2a83e86df">
    <Description>These are default test settings for a local test run.</Description>
    <Deployment runDeploymentRoot="raffaeu_RAFFAELEGARD400 2011-02-05 21_09_41">
      <DeploymentItem filename="C:\DEV\Calculator\Calculator\bin\Debug\Calculator.dll" />
    </Deployment>
    <Execution>
      <TestTypeSpecific>
        <UnitTestRunConfig testTypeId="13cdc9d9-ddb5-4fa4-a97d-d965ccfc6d4b">
          <AssemblyResolution>
            <TestDirectory useLoadContext="true" />
          </AssemblyResolution>
        </UnitTestRunConfig>
        <WebTestRunConfiguration testTypeId="4e7599fa-5ecb-43e9-a887-cd63cf72d207">
          <Browser name="Internet Explorer 7.0">
            <Headers>
              <Header name="User-Agent" value="Mozilla/4.0 (compatible; MSIE 7.0; Windows NT 5.1)" />
              <Header name="Accept" value="*/*" />
              <Header name="Accept-Language" value="{{$IEAcceptLanguage}}" />
              <Header name="Accept-Encoding" value="GZIP" />
            </Headers>
          </Browser>
        </WebTestRunConfiguration>
      </TestTypeSpecific>
      <AgentRule name="LocalMachineDefaultRole">
        <DataCollectors>
          <DataCollector uri="datacollector://microsoft/CodeCoverage/1.0" assemblyQualifiedName="Microsoft.VisualStudio.TestTools.CodeCoverage.CoveragePlugIn, Microsoft.VisualStudio.QualityTools.Plugins.CodeCoverage, Version=10.0.0.0, Culture=neutral, PublicKeyToken=b03f5f7f11d50a3a" friendlyName="Code Coverage">
            <Configuration>
              <CodeCoverage xmlns="">
                <Regular>
                  <CodeCoverageItem binaryFile="C:\DEV\Calculator\Calculator.Fixture\bin\Debug\Calculator.Fixture.dll" pdbFile="C:\DEV\Calculator\Calculator.Fixture\bin\Debug\Calculator.Fixture.instr.pdb" instrumentInPlace="true" />
                  <CodeCoverageItem binaryFile="C:\DEV\Calculator\Calculator\bin\Debug\Calculator.dll" pdbFile="C:\DEV\Calculator\Calculator\bin\Debug\Calculator.instr.pdb" instrumentInPlace="true" />
                </Regular>
              </CodeCoverage>
            </Configuration>
          </DataCollector>
          <DataCollector uri="datacollector://Microsoft/TestImpact/1.0" assemblyQualifiedName="Microsoft.VisualStudio.TraceCollector.TestImpactDataCollector, Microsoft.VisualStudio.TraceCollector, Version=10.0.0.0, Culture=neutral, PublicKeyToken=b03f5f7f11d50a3a">
          </DataCollector>
        </DataCollectors>
      </AgentRule>
    </Execution>
  </TestSettings>
  <Times creation="2011-02-05T21:09:41.8554688-04:00" queuing="2011-02-05T21:09:43.5449219-04:00" start="2011-02-05T21:09:51.1015625-04:00" finish="2011-02-05T21:09:57.8789063-04:00" />
  <ResultSummary outcome="Completed">
    <Counters total="3" executed="3" passed="3" error="0" failed="0" timeout="0" aborted="0" inconclusive="0" passedButRunAborted="0" notRunnable="0" notExecuted="0" disconnected="0" warning="0" completed="0" inProgress="0" pending="0" />
    <ResultFiles>
      <ResultFile path="RAFFAELEGARD400\data.coverage" />
    </ResultFiles>
  </ResultSummary>
  <TestDefinitions>
    <UnitTest name="EngineConstructorTest" storage="c:\dev\calculator\calculator.fixture\bin\debug\calculator.fixture.dll" id="8ca40a86-9529-850f-6cfa-dd2e25facc8e">
      <Execution id="8a2ed020-d7c2-4b61-a767-22ba6a89e13e" />
      <TestMethod codeBase="C:/DEV/Calculator/Calculator.Fixture/bin/Debug/Calculator.Fixture.DLL" adapterTypeName="Microsoft.VisualStudio.TestTools.TestTypes.Unit.UnitTestAdapter, Microsoft.VisualStudio.QualityTools.Tips.UnitTest.Adapter, Version=10.0.0.0, Culture=neutral, PublicKeyToken=b03f5f7f11d50a3a" className="Calculator.Fixture.EngineTest, Calculator.Fixture, Version=1.0.0.0, Culture=neutral, PublicKeyToken=null" name="EngineConstructorTest" />
    </UnitTest>
    <UnitTest name="SumTest" storage="c:\dev\calculator\calculator.fixture\bin\debug\calculator.fixture.dll" id="4ff897d4-06f1-b293-b1e3-82088f70cbdf">
      <Execution id="67335c0d-0177-40cf-b5b0-c20fa0db1dd8" />
      <TestMethod codeBase="C:/DEV/Calculator/Calculator.Fixture/bin/Debug/Calculator.Fixture.DLL" adapterTypeName="Microsoft.VisualStudio.TestTools.TestTypes.Unit.UnitTestAdapter, Microsoft.VisualStudio.QualityTools.Tips.UnitTest.Adapter, Version=10.0.0.0, Culture=neutral, PublicKeyToken=b03f5f7f11d50a3a" className="Calculator.Fixture.EngineTest, Calculator.Fixture, Version=1.0.0.0, Culture=neutral, PublicKeyToken=null" name="SumTest" />
    </UnitTest>
    <UnitTest name="ThrowExceptionWhenSum" storage="c:\dev\calculator\calculator.fixture\bin\debug\calculator.fixture.dll" id="a0edba2a-cfde-1ffb-a3a4-87500b8a2f04">
      <Execution id="131aba70-2ff3-41cf-bde4-8cc61bacab24" />
      <TestMethod codeBase="C:/DEV/Calculator/Calculator.Fixture/bin/Debug/Calculator.Fixture.DLL" adapterTypeName="Microsoft.VisualStudio.TestTools.TestTypes.Unit.UnitTestAdapter, Microsoft.VisualStudio.QualityTools.Tips.UnitTest.Adapter, Version=10.0.0.0, Culture=neutral, PublicKeyToken=b03f5f7f11d50a3a" className="Calculator.Fixture.EngineTest, Calculator.Fixture, Version=1.0.0.0, Culture=neutral, PublicKeyToken=null" name="ThrowExceptionWhenSum" />
    </UnitTest>
  </TestDefinitions>
  <TestLists>
    <TestList name="Results Not in a List" id="8c84fa94-04c1-424b-9868-57a2d4851a1d" />
    <TestList name="All Loaded Results" id="19431567-8539-422a-85d7-44ee4e166bda" />
  </TestLists>
  <TestEntries>
    <TestEntry testId="8ca40a86-9529-850f-6cfa-dd2e25facc8e" executionId="8a2ed020-d7c2-4b61-a767-22ba6a89e13e" testListId="8c84fa94-04c1-424b-9868-57a2d4851a1d" />
    <TestEntry testId="a0edba2a-cfde-1ffb-a3a4-87500b8a2f04" executionId="131aba70-2ff3-41cf-bde4-8cc61bacab24" testListId="8c84fa94-04c1-424b-9868-57a2d4851a1d" />
    <TestEntry testId="4ff897d4-06f1-b293-b1e3-82088f70cbdf" executionId="67335c0d-0177-40cf-b5b0-c20fa0db1dd8" testListId="8c84fa94-04c1-424b-9868-57a2d4851a1d" />
  </TestEntries>
  <Results>
    <UnitTestResult executionId="8a2ed020-d7c2-4b61-a767-22ba6a89e13e" testId="8ca40a86-9529-850f-6cfa-dd2e25facc8e" testName="EngineConstructorTest" computerName="RAFFAELEGARD400" duration="00:00:00.1105098" startTime="2011-02-05T21:09:51.5566406-04:00" endTime="2011-02-05T21:09:55.7939453-04:00" testType="13cdc9d9-ddb5-4fa4-a97d-d965ccfc6d4b" outcome="Passed" testListId="8c84fa94-04c1-424b-9868-57a2d4851a1d" relativeResultsDirectory="8a2ed020-d7c2-4b61-a767-22ba6a89e13e">
      <CollectorDataEntries>
        <Collector agentName="RAFFAELEGARD400" uri="datacollector://microsoft/TestImpact/1.0" collectorDisplayName="Test Impact">
          <UriAttachments>
            <UriAttachment>
              <A href="RAFFAELEGARD400\testimpact.xml">Test Impact Data</A>
            </UriAttachment>
          </UriAttachments>
        </Collector>
      </CollectorDataEntries>
    </UnitTestResult>
    <UnitTestResult executionId="131aba70-2ff3-41cf-bde4-8cc61bacab24" testId="a0edba2a-cfde-1ffb-a3a4-87500b8a2f04" testName="ThrowExceptionWhenSum" computerName="RAFFAELEGARD400" duration="00:00:00.0149879" startTime="2011-02-05T21:09:55.8134766-04:00" endTime="2011-02-05T21:09:55.9775391-04:00" testType="13cdc9d9-ddb5-4fa4-a97d-d965ccfc6d4b" outcome="Passed" testListId="8c84fa94-04c1-424b-9868-57a2d4851a1d" relativeResultsDirectory="131aba70-2ff3-41cf-bde4-8cc61bacab24">
      <CollectorDataEntries>
        <Collector agentName="RAFFAELEGARD400" uri="datacollector://microsoft/TestImpact/1.0" collectorDisplayName="Test Impact">
          <UriAttachments>
            <UriAttachment>
              <A href="RAFFAELEGARD400\testimpact.xml">Test Impact Data</A>
            </UriAttachment>
          </UriAttachments>
        </Collector>
      </CollectorDataEntries>
    </UnitTestResult>
    <UnitTestResult executionId="67335c0d-0177-40cf-b5b0-c20fa0db1dd8" testId="4ff897d4-06f1-b293-b1e3-82088f70cbdf" testName="SumTest" computerName="RAFFAELEGARD400" duration="00:00:00.0020050" startTime="2011-02-05T21:09:55.9814453-04:00" endTime="2011-02-05T21:09:56.0136719-04:00" testType="13cdc9d9-ddb5-4fa4-a97d-d965ccfc6d4b" outcome="Passed" testListId="8c84fa94-04c1-424b-9868-57a2d4851a1d" relativeResultsDirectory="67335c0d-0177-40cf-b5b0-c20fa0db1dd8">
      <CollectorDataEntries>
        <Collector agentName="RAFFAELEGARD400" uri="datacollector://microsoft/TestImpact/1.0" collectorDisplayName="Test Impact">
          <UriAttachments>
            <UriAttachment>
              <A href="RAFFAELEGARD400\testimpact.xml">Test Impact Data</A>
            </UriAttachment>
          </UriAttachments>
        </Collector>
      </CollectorDataEntries>
    </UnitTestResult>
  </Results>
</TestRun>